/home/afnan/.local/lib/python3.10/site-packages/matplotlib/projections/__init__.py:63: UserWarning: Unable to import Axes3D. This may be due to multiple versions of Matplotlib being installed (e.g. as a system package and as a pip package). As a result, the 3D projection is not available.
  warnings.warn("Unable to import Axes3D. This may be due to multiple versions of "
INFO:     Started server process [99267]
INFO:     Waiting for application startup.
INFO:     Application startup complete.
ERROR:    [Errno 98] error while attempting to bind on address ('0.0.0.0', 8000): address already in use
INFO:     Waiting for application shutdown.
INFO:     Application shutdown complete.
2026-04-20 12:36:06,281 [INFO] backend: ✓ Engine modules loaded successfully
2026-04-20 12:36:06,322 [INFO] backend: 🚀 Starting PrivaDB Backend v1.0.0
2026-04-20 12:36:06,322 [INFO] backend: 📡 Listening on http://0.0.0.0:8000
2026-04-20 12:36:06,322 [INFO] backend: 🔧 Engine modules: ✓ Available
2026-04-20 12:36:09,507 [INFO] backend: 🚀 Scan started: 70df81a8-048c-4739-8974-f8f7e6a811ba → https://braze.com
2026-04-20 12:36:09,508 [INFO] backend: 🔧 Configuring engine: chrome (headless=False)
2026-04-20 12:36:09,509 [INFO] backend: ✓ Manual config applied: ENGINE=chrome
2026-04-20 12:36:09,509 [INFO] backend: ✓ Results directory: /home/afnan/Downloads/Static-Analysis/github/PrivaDB/Web/src/engine/results/Chrome/analysis
2026-04-20 12:36:09,509 [INFO] backend: ✓ Configuration complete
2026-04-20 12:36:09,509 [INFO] crawler: Using custom site list
2026-04-20 12:36:09,509 [INFO] crawler: Starting crawl of 1 sites × 3 iterations each
2026-04-20 12:36:09,509 [ERROR] backend: ❌ Scan 70df81a8-048c-4739-8974-f8f7e6a811ba failed: module 'config' has no attribute 'RAW_DATA_DIR'
Traceback (most recent call last):
  File "/home/afnan/Downloads/Static-Analysis/github/PrivaDB/Web/backend/server.py", line 473, in run_scan
    crawled_results = await crawl_all_sites(
  File "/home/afnan/Downloads/Static-Analysis/github/PrivaDB/Web/src/engine/crawler.py", line 355, in crawl_all_sites
    os.makedirs(config.RAW_DATA_DIR, exist_ok=True)
AttributeError: module 'config' has no attribute 'RAW_DATA_DIR'
2026-04-20 12:36:09,513 [ERROR] backend: ❌ Scan 70df81a8-048c-4739-8974-f8f7e6a811ba failed: Scan failed at 'unknown' stage: module 'config' has no attribute 'RAW_DATA_DIR'
2026-04-20 12:37:00,190 [INFO] backend: ✓ Engine modules loaded successfully
2026-04-20 12:37:00,232 [INFO] backend: 🚀 Starting PrivaDB Backend v1.0.0
2026-04-20 12:37:00,232 [INFO] backend: 📡 Listening on http://0.0.0.0:8000
2026-04-20 12:37:00,232 [INFO] backend: 🔧 Engine modules: ✓ Available
2026-04-20 12:37:06,825 [INFO] backend: ✓ Engine modules loaded successfully
2026-04-20 12:37:06,868 [INFO] backend: 🚀 Starting PrivaDB Backend v1.0.0
2026-04-20 12:37:06,868 [INFO] backend: 📡 Listening on http://0.0.0.0:8000
2026-04-20 12:37:06,868 [INFO] backend: 🔧 Engine modules: ✓ Available
2026-04-20 12:37:24,329 [INFO] backend: 🚀 Scan started: 674c511a-9587-486e-a559-2667c9c7129f → https://example.com
2026-04-20 12:37:24,330 [INFO] backend: 🔧 Configuring engine: chrome (headless=True)
2026-04-20 12:37:24,331 [INFO] backend: ✓ Manual config applied: ENGINE=chrome
2026-04-20 12:37:24,331 [INFO] backend: ✓ Results directory: /home/afnan/Downloads/Static-Analysis/github/PrivaDB/Web/src/engine/results/Chrome/analysis
2026-04-20 12:37:24,331 [INFO] backend: ✓ Configuration complete
2026-04-20 12:37:24,331 [INFO] crawler: Using custom site list
2026-04-20 12:37:24,331 [INFO] crawler: Starting crawl of 1 sites × 3 iterations each
2026-04-20 12:37:24,331 [ERROR] backend: ❌ Scan 674c511a-9587-486e-a559-2667c9c7129f failed: module 'config' has no attribute 'RAW_DATA_DIR'
Traceback (most recent call last):
  File "/home/afnan/Downloads/Static-Analysis/github/PrivaDB/Web/backend/server.py", line 473, in run_scan
    crawled_results = await crawl_all_sites(
  File "/home/afnan/Downloads/Static-Analysis/github/PrivaDB/Web/src/engine/crawler.py", line 355, in crawl_all_sites
    os.makedirs(config.RAW_DATA_DIR, exist_ok=True)
AttributeError: module 'config' has no attribute 'RAW_DATA_DIR'
2026-04-20 12:37:24,334 [ERROR] backend: ❌ Scan 674c511a-9587-486e-a559-2667c9c7129f failed: Scan failed at 'unknown' stage: module 'config' has no attribute 'RAW_DATA_DIR'
2026-04-20 12:38:59,351 [INFO] backend: ✓ Engine modules loaded successfully
2026-04-20 12:38:59,439 [INFO] backend: 🚀 Starting PrivaDB Backend v1.0.0
2026-04-20 12:38:59,439 [INFO] backend: 📡 Listening on http://0.0.0.0:8000
2026-04-20 12:38:59,439 [INFO] backend: 🔧 Engine modules: ✓ Available
2026-04-20 12:39:01,709 [INFO] backend: 🚀 Scan started: bfcaccf8-93f7-45d2-a57e-90c6c9afd348 → https://braze.com
2026-04-20 12:39:01,710 [INFO] backend: 🔧 Configuring engine: chrome (headless=False)
2026-04-20 12:39:01,710 [INFO] backend: ✓ Manual config applied: ENGINE=chrome
2026-04-20 12:39:01,711 [INFO] backend: ✓ Results directory: /home/afnan/Downloads/Static-Analysis/github/PrivaDB/Web/src/engine/results/Chrome/analysis
2026-04-20 12:39:01,711 [INFO] backend: ✓ Configuration complete
2026-04-20 12:39:01,711 [INFO] crawler: Using custom site list
2026-04-20 12:39:01,711 [INFO] crawler: Starting crawl of 1 sites × 3 iterations each
2026-04-20 12:39:01,711 [ERROR] backend: ❌ Scan bfcaccf8-93f7-45d2-a57e-90c6c9afd348 failed: module 'config' has no attribute 'RAW_DATA_DIR'
Traceback (most recent call last):
  File "/home/afnan/Downloads/Static-Analysis/github/PrivaDB/Web/backend/server.py", line 473, in run_scan
    crawled_results = await crawl_all_sites(
  File "/home/afnan/Downloads/Static-Analysis/github/PrivaDB/Web/src/engine/crawler.py", line 355, in crawl_all_sites
    os.makedirs(config.RAW_DATA_DIR, exist_ok=True)
AttributeError: module 'config' has no attribute 'RAW_DATA_DIR'
2026-04-20 12:39:01,716 [ERROR] backend: ❌ Scan bfcaccf8-93f7-45d2-a57e-90c6c9afd348 failed: Scan failed at 'unknown' stage: module 'config' has no attribute 'RAW_DATA_DIR'
